<?xml version="1.0" encoding="UTF-8"?>
<testng-results ignored="0" total="1" passed="1" failed="0" skipped="0">
  <reporter-output>
  </reporter-output>
  <suite started-at="2026-02-20T13:24:52 IST" name="Default suite" finished-at="2026-02-20T13:24:57 IST" duration-ms="5686">
    <groups>
    </groups>
    <test started-at="2026-02-20T13:24:52 IST" name="Default test" finished-at="2026-02-20T13:24:57 IST" duration-ms="5686">
      <class name="practicepackage.DynamicWebTableTest">
        <test-method signature="dynamicTable()[pri:0, instance:practicepackage.DynamicWebTableTest@1623b78d]" started-at="2026-02-20T13:24:52 IST" name="dynamicTable" finished-at="2026-02-20T13:24:57 IST" duration-ms="5603" status="PASS">
          <reporter-output>
          </reporter-output>
        </test-method> <!-- dynamicTable -->
      </class> <!-- practicepackage.DynamicWebTableTest -->
    </test> <!-- Default test -->
  </suite> <!-- Default suite -->
</testng-results>
