<?xml version="1.0" encoding="UTF-8"?>
<testng-results ignored="0" total="1" passed="1" failed="0" skipped="0">
  <reporter-output>
  </reporter-output>
  <suite started-at="2026-02-20T12:39:11 IST" name="Default suite" finished-at="2026-02-20T12:39:27 IST" duration-ms="16395">
    <groups>
    </groups>
    <test started-at="2026-02-20T12:39:11 IST" name="Default test" finished-at="2026-02-20T12:39:27 IST" duration-ms="16395">
      <class name="practicepackage.AmazonTest">
        <test-method signature="name()[pri:0, instance:practicepackage.AmazonTest@1623b78d]" started-at="2026-02-20T12:39:11 IST" name="name" finished-at="2026-02-20T12:39:27 IST" duration-ms="16198" status="PASS">
          <reporter-output>
          </reporter-output>
        </test-method> <!-- name -->
      </class> <!-- practicepackage.AmazonTest -->
    </test> <!-- Default test -->
  </suite> <!-- Default suite -->
</testng-results>
